app/build/outputs/logs/manifest-merger-debug-report.txt
-- Merging decision tree log ---
manifest
ADDED from src\main\AndroidManifest.xml:2:1-300:12
	package
		ADDED from src\main\AndroidManifest.xml:3:5-39
		INJECTED from src\main\AndroidManifest.xml
		INJECTED from src\main\AndroidManifest.xml
	android:versionName
		INJECTED from src\main\AndroidManifest.xml
		INJECTED from src\main\AndroidManifest.xml
	xmlns:android
		ADDED from src\main\AndroidManifest.xml:2:11-69
	android:versionCode
		INJECTED from src\main\AndroidManifest.xml
		INJECTED from src\main\AndroidManifest.xml
uses-permission#android.permission.DOWNLOAD_WITHOUT_NOTIFICATION
ADDED from src\main\AndroidManifest.xml:6:5-88
	android:name
		ADDED from src\main\AndroidManifest.xml:6:22-85
uses-permission#android.permission.MOUNT_UNMOUNT_FILESYSTEMS
ADDED from src\main\AndroidManifest.xml:7:5-84
	android:name
		ADDED from src\main\AndroidManifest.xml:7:22-81
uses-permission#android.permission.READ_EXTERNAL_STORAGE
ADDED from src\main\AndroidManifest.xml:8:5-80
	android:name
		ADDED from src\main\AndroidManifest.xml:8:22-77
uses-permission#android.permission.WRITE_EXTERNAL_STORAGE
ADDED from src\main\AndroidManifest.xml:10:5-81
	android:name
		ADDED from src\main\AndroidManifest.xml:10:22-78
uses-permission#android.permission.CHANGE_WIFI_STATE
ADDED from src\main\AndroidManifest.xml:11:5-76
	android:name
		ADDED from src\main\AndroidManifest.xml:11:22-73
uses-permission#android.permission.RESTART_PACKAGES
ADDED from src\main\AndroidManifest.xml:13:5-75
	android:name
		ADDED from src\main\AndroidManifest.xml:13:22-72
uses-permission#android.permission.ACCESS_COARSE_LOCATION
ADDED from src\main\AndroidManifest.xml:14:5-81
	android:name
		ADDED from src\main\AndroidManifest.xml:14:22-78
uses-permission#android.permission.ACCESS_FINE_LOCATION
ADDED from src\main\AndroidManifest.xml:15:5-79
	android:name
		ADDED from src\main\AndroidManifest.xml:15:22-76
uses-permission#android.permission.ACCESS_LOCATION_EXTRA_COMMANDS
ADDED from src\main\AndroidManifest.xml:16:5-89
	android:name
		ADDED from src\main\AndroidManifest.xml:16:22-86
uses-permission#android.permission.ACCESS_NETWORK_STATE
ADDED from src\main\AndroidManifest.xml:17:5-79
MERGED from [com.google.android.gms:play-services-maps:9.8.0] AndroidManifest.xml:19:5-78
	android:name
		ADDED from src\main\AndroidManifest.xml:17:22-76
uses-permission#android.permission.ACCESS_WIFI_STATE
ADDED from src\main\AndroidManifest.xml:18:5-76
	android:name
		ADDED from src\main\AndroidManifest.xml:18:22-73
uses-permission#android.permission.CHANGE_CONFIGURATION
ADDED from src\main\AndroidManifest.xml:19:5-79
	android:name
		ADDED from src\main\AndroidManifest.xml:19:22-76
uses-permission#android.permission.CHANGE_NETWORK_STATE
ADDED from src\main\AndroidManifest.xml:20:5-79
	android:name
		ADDED from src\main\AndroidManifest.xml:20:22-76
uses-permission#android.permission.INTERNET
ADDED from src\main\AndroidManifest.xml:21:5-67
MERGED from [com.google.android.gms:play-services-maps:9.8.0] AndroidManifest.xml:20:5-66
	android:name
		ADDED from src\main\AndroidManifest.xml:21:22-64
uses-permission#android.permission.VIBRATE
ADDED from src\main\AndroidManifest.xml:22:5-66
	android:name
		ADDED from src\main\AndroidManifest.xml:22:22-63
uses-permission#android.permission.WAKE_LOCK
ADDED from src\main\AndroidManifest.xml:23:5-68
	android:name
		ADDED from src\main\AndroidManifest.xml:23:22-65
uses-permission#android.permission.WRITE_SETTINGS
ADDED from src\main\AndroidManifest.xml:24:5-73
	android:name
		ADDED from src\main\AndroidManifest.xml:24:22-70
uses-permission#android.permission.CAMERA
ADDED from src\main\AndroidManifest.xml:25:5-65
	android:name
		ADDED from src\main\AndroidManifest.xml:25:22-62
uses-permission#android.permission.SYSTEM_ALERT_WINDOW
ADDED from src\main\AndroidManifest.xml:26:5-78
	android:name
		ADDED from src\main\AndroidManifest.xml:26:22-75
uses-permission#android.permission.FLASHLIGHT
ADDED from src\main\AndroidManifest.xml:27:5-69
	android:name
		ADDED from src\main\AndroidManifest.xml:27:22-66
uses-permission#android.permission.READ_PHONE_STATE
ADDED from src\main\AndroidManifest.xml:28:5-75
	android:name
		ADDED from src\main\AndroidManifest.xml:28:22-72
uses-permission#android.permission.RECORD_AUDIO
ADDED from src\main\AndroidManifest.xml:29:5-71
	android:name
		ADDED from src\main\AndroidManifest.xml:29:22-68
uses-permission#android.permission.PERMISSION_GRANTED
ADDED from src\main\AndroidManifest.xml:31:5-77
	android:name
		ADDED from src\main\AndroidManifest.xml:31:22-74
application
ADDED from src\main\AndroidManifest.xml:33:5-298:19
MERGED from [com.android.support:design:24.2.1] AndroidManifest.xml:22:5-20
MERGED from [com.android.support:cardview-v7:24.2.1] AndroidManifest.xml:22:5-20
MERGED from [com.google.android.gms:play-services-maps:9.8.0] AndroidManifest.xml:24:5-19
MERGED from [com.google.android.gms:play-services-base:9.8.0] AndroidManifest.xml:18:5-20:19
MERGED from [com.google.android.gms:play-services-tasks:9.8.0] AndroidManifest.xml:4:5-19
MERGED from [com.google.android.gms:play-services-basement:9.8.0] AndroidManifest.xml:19:5-21:19
MERGED from [com.facebook.stetho:stetho-okhttp3:1.4.1] AndroidManifest.xml:11:5-20
MERGED from [com.facebook.stetho:stetho:1.4.1] AndroidManifest.xml:11:5-20
MERGED from [com.dodola:rocoo:1.1] AndroidManifest.xml:12:5-16:19
MERGED from [com.zhy:mpermission-api:1.0.0] AndroidManifest.xml:11:5-14:19
MERGED from [com.android.support:appcompat-v7:24.2.1] AndroidManifest.xml:25:5-20
MERGED from [com.android.support:support-v4:24.2.1] AndroidManifest.xml:25:5-20
MERGED from [com.android.support:support-fragment:24.2.1] AndroidManifest.xml:25:5-20
MERGED from [com.android.support:support-media-compat:24.2.1] AndroidManifest.xml:25:5-20
MERGED from [com.android.support:support-core-ui:24.2.1] AndroidManifest.xml:25:5-20
MERGED from [com.android.support:support-core-utils:24.2.1] AndroidManifest.xml:25:5-20
MERGED from [com.android.support:animated-vector-drawable:24.2.1] AndroidManifest.xml:22:5-20
MERGED from [com.android.support:support-vector-drawable:24.2.1] AndroidManifest.xml:23:5-20
MERGED from [com.android.support:support-compat:24.2.1] AndroidManifest.xml:25:5-20
MERGED from [com.github.asyl.animation:arcanimator:1.0.0] AndroidManifest.xml:11:5-12:19
MERGED from [com.github.yuweiguocn:GreenDaoUpgradeHelper:v1.3.0] AndroidManifest.xml:11:5-14:19
	android:label
		ADDED from src\main\AndroidManifest.xml:38:9-41
	android:supportsRtl
		ADDED from src\main\AndroidManifest.xml:39:9-35
	android:hardwareAccelerated
		ADDED from src\main\AndroidManifest.xml:36:9-44
	android:allowBackup
		ADDED from src\main\AndroidManifest.xml:35:9-35
	android:icon
		ADDED from src\main\AndroidManifest.xml:37:9-43
	android:theme
		ADDED from src\main\AndroidManifest.xml:40:9-52
	android:name
		ADDED from src\main\AndroidManifest.xml:34:9-38
activity#com.mingnong.xizangphone.activity.LoginActivity
ADDED from src\main\AndroidManifest.xml:41:9-51:20
	android:screenOrientation
		ADDED from src\main\AndroidManifest.xml:44:13-49
	android:launchMode
		ADDED from src\main\AndroidManifest.xml:43:13-42
	android:windowSoftInputMode
		ADDED from src\main\AndroidManifest.xml:45:13-72
	android:name
		ADDED from src\main\AndroidManifest.xml:42:13-51
intent-filter#android.intent.action.MAIN+android.intent.category.LAUNCHER
ADDED from src\main\AndroidManifest.xml:46:13-50:29
action#android.intent.action.MAIN
ADDED from src\main\AndroidManifest.xml:47:17-69
	android:name
		ADDED from src\main\AndroidManifest.xml:47:25-66
category#android.intent.category.LAUNCHER
ADDED from src\main\AndroidManifest.xml:49:17-77
	android:name
		ADDED from src\main\AndroidManifest.xml:49:27-74
activity#com.mingnong.xizangphone.activity.MainActivity
ADDED from src\main\AndroidManifest.xml:52:9-55:52
	android:screenOrientation
		ADDED from src\main\AndroidManifest.xml:55:13-49
	android:launchMode
		ADDED from src\main\AndroidManifest.xml:54:13-42
	android:name
		ADDED from src\main\AndroidManifest.xml:53:13-50
activity#com.mingnong.xizangphone.activity.AnimalAActivity
ADDED from src\main\AndroidManifest.xml:56:9-62
	android:name
		ADDED from src\main\AndroidManifest.xml:56:19-59
activity#com.mingnong.xizangphone.activity.AnimalBActivity
ADDED from src\main\AndroidManifest.xml:57:9-62
	android:name
		ADDED from src\main\AndroidManifest.xml:57:19-59
activity#com.mingnong.xizangphone.activity.ProductAActivity
ADDED from src\main\AndroidManifest.xml:58:9-63
	android:name
		ADDED from src\main\AndroidManifest.xml:58:19-60
activity#com.mingnong.xizangphone.activity.ProductBActivity
ADDED from src\main\AndroidManifest.xml:59:9-63
	android:name
		ADDED from src\main\AndroidManifest.xml:59:19-60
activity#com.mingnong.xizangphone.activity.QueryDetilAnimalAActivity
ADDED from src\main\AndroidManifest.xml:60:9-72
	android:name
		ADDED from src\main\AndroidManifest.xml:60:19-69
activity#com.mingnong.xizangphone.activity.QueryDetilAnimalBActivity
ADDED from src\main\AndroidManifest.xml:61:9-72
	android:name
		ADDED from src\main\AndroidManifest.xml:61:19-69
activity#com.mingnong.xizangphone.activity.QueryListAnimalAActivity
ADDED from src\main\AndroidManifest.xml:62:9-71
	android:name
		ADDED from src\main\AndroidManifest.xml:62:19-68
activity#com.mingnong.xizangphone.activity.QueryListAnimalBActivity
ADDED from src\main\AndroidManifest.xml:63:9-71
	android:name
		ADDED from src\main\AndroidManifest.xml:63:19-68
activity#com.mingnong.xizangphone.activity.AnimDeclareDetilActivity
ADDED from src\main\AndroidManifest.xml:64:9-67:52
	android:screenOrientation
		ADDED from src\main\AndroidManifest.xml:67:13-49
	android:launchMode
		ADDED from src\main\AndroidManifest.xml:66:13-42
	android:name
		ADDED from src\main\AndroidManifest.xml:65:13-62
activity#com.mingnong.xizangphone.activity.ProductProcessActivity
ADDED from src\main\AndroidManifest.xml:68:9-72:75
	android:screenOrientation
		ADDED from src\main\AndroidManifest.xml:71:13-49
	android:launchMode
		ADDED from src\main\AndroidManifest.xml:70:13-42
	android:windowSoftInputMode
		ADDED from src\main\AndroidManifest.xml:72:13-72
	android:name
		ADDED from src\main\AndroidManifest.xml:69:13-60
activity#com.mingnong.xizangphone.activity.ProductPrintAActivity
ADDED from src\main\AndroidManifest.xml:73:9-77:75
	android:screenOrientation
		ADDED from src\main\AndroidManifest.xml:76:13-49
	android:launchMode
		ADDED from src\main\AndroidManifest.xml:75:13-42
	android:windowSoftInputMode
		ADDED from src\main\AndroidManifest.xml:77:13-72
	android:name
		ADDED from src\main\AndroidManifest.xml:74:13-59
activity#com.mingnong.xizangphone.activity.ChanDiJianYiActivity
ADDED from src\main\AndroidManifest.xml:79:9-83:75
	android:screenOrientation
		ADDED from src\main\AndroidManifest.xml:82:13-49
	android:launchMode
		ADDED from src\main\AndroidManifest.xml:81:13-42
	android:windowSoftInputMode
		ADDED from src\main\AndroidManifest.xml:83:13-72
	android:name
		ADDED from src\main\AndroidManifest.xml:80:13-58
activity#com.mingnong.xizangphone.activity.QueryDetilTuZaiActivity
ADDED from src\main\AndroidManifest.xml:84:9-88:75
	android:screenOrientation
		ADDED from src\main\AndroidManifest.xml:87:13-49
	android:launchMode
		ADDED from src\main\AndroidManifest.xml:86:13-42
	android:windowSoftInputMode
		ADDED from src\main\AndroidManifest.xml:88:13-72
	android:name
		ADDED from src\main\AndroidManifest.xml:85:13-61
activity#com.mingnong.xizangphone.activity.ProductPrintBActivity
ADDED from src\main\AndroidManifest.xml:89:9-93:75
	android:screenOrientation
		ADDED from src\main\AndroidManifest.xml:92:13-49
	android:launchMode
		ADDED from src\main\AndroidManifest.xml:91:13-42
	android:windowSoftInputMode
		ADDED from src\main\AndroidManifest.xml:93:13-72
	android:name
		ADDED from src\main\AndroidManifest.xml:90:13-59
activity#com.mingnong.xizangphone.activity.PrintAcitivty
ADDED from src\main\AndroidManifest.xml:94:9-97:52
	android:screenOrientation
		ADDED from src\main\AndroidManifest.xml:97:13-49
	android:launchMode
		ADDED from src\main\AndroidManifest.xml:96:13-42
	android:name
		ADDED from src\main\AndroidManifest.xml:95:13-51
activity#com.mingnong.xizangphone.activity.AnimProcessActivity
ADDED from src\main\AndroidManifest.xml:98:9-102:75
	android:screenOrientation
		ADDED from src\main\AndroidManifest.xml:101:13-49
	android:launchMode
		ADDED from src\main\AndroidManifest.xml:100:13-42
	android:windowSoftInputMode
		ADDED from src\main\AndroidManifest.xml:102:13-72
	android:name
		ADDED from src\main\AndroidManifest.xml:99:13-57
activity#com.mingnong.xizangphone.activity.AnimPrintAActivity
ADDED from src\main\AndroidManifest.xml:103:9-107:75
	android:screenOrientation
		ADDED from src\main\AndroidManifest.xml:106:13-49
	android:launchMode
		ADDED from src\main\AndroidManifest.xml:105:13-42
	android:windowSoftInputMode
		ADDED from src\main\AndroidManifest.xml:107:13-72
	android:name
		ADDED from src\main\AndroidManifest.xml:104:13-56
activity#com.mingnong.xizangphone.activity.AnimPrintBActivity
ADDED from src\main\AndroidManifest.xml:108:9-112:75
	android:screenOrientation
		ADDED from src\main\AndroidManifest.xml:111:13-49
	android:launchMode
		ADDED from src\main\AndroidManifest.xml:110:13-42
	android:windowSoftInputMode
		ADDED from src\main\AndroidManifest.xml:112:13-72
	android:name
		ADDED from src\main\AndroidManifest.xml:109:13-56
activity#zxing.activity.CaptureActivity
ADDED from src\main\AndroidManifest.xml:115:9-117:52
	android:screenOrientation
		ADDED from src\main\AndroidManifest.xml:117:13-49
	android:name
		ADDED from src\main\AndroidManifest.xml:116:13-58
provider#android.support.v4.content.FileProvider
ADDED from src\main\AndroidManifest.xml:119:9-127:20
	android:authorities
		ADDED from src\main\AndroidManifest.xml:121:13-72
	android:grantUriPermissions
		ADDED from src\main\AndroidManifest.xml:123:13-47
	android:exported
		ADDED from src\main\AndroidManifest.xml:122:13-37
	android:name
		ADDED from src\main\AndroidManifest.xml:120:13-67
meta-data#android.support.FILE_PROVIDER_PATHS
ADDED from src\main\AndroidManifest.xml:124:13-126:54
	android:resource
		ADDED from src\main\AndroidManifest.xml:126:17-51
	android:name
		ADDED from src\main\AndroidManifest.xml:125:17-67
receiver#com.epson.isv.eprinterdriver.Ctrl.EPrintStateReceiver
ADDED from src\main\AndroidManifest.xml:130:9-136:20
	android:exported
		ADDED from src\main\AndroidManifest.xml:132:13-37
	android:name
		ADDED from src\main\AndroidManifest.xml:131:13-81
intent-filter#com.epson.isv.eprinterdriver
ADDED from src\main\AndroidManifest.xml:133:13-135:29
action#com.epson.isv.eprinterdriver
ADDED from src\main\AndroidManifest.xml:134:17-71
	android:name
		ADDED from src\main\AndroidManifest.xml:134:25-68
receiver#com.mingnong.xizangphone.broadcast.DownloadReceiver
ADDED from src\main\AndroidManifest.xml:138:9-142:20
	android:name
		ADDED from src\main\AndroidManifest.xml:138:19-61
intent-filter#com.example.administrator.download
ADDED from src\main\AndroidManifest.xml:139:13-141:29
action#com.example.administrator.download
ADDED from src\main\AndroidManifest.xml:140:17-77
	android:name
		ADDED from src\main\AndroidManifest.xml:140:25-74
receiver#com.mingnong.xizangphone.broadcast.OpenFileReceiver
ADDED from src\main\AndroidManifest.xml:143:9-147:20
	android:name
		ADDED from src\main\AndroidManifest.xml:143:19-61
intent-filter#com.wyw.xizangphone.receiver.open
ADDED from src\main\AndroidManifest.xml:144:13-146:29
action#com.wyw.xizangphone.receiver.open
ADDED from src\main\AndroidManifest.xml:145:17-76
	android:name
		ADDED from src\main\AndroidManifest.xml:145:25-73
service#com.mingnong.xizangphone.service.DownloadService
ADDED from src\main\AndroidManifest.xml:154:9-158:19
	android:name
		ADDED from src\main\AndroidManifest.xml:154:18-57
intent-filter#com.wyw.xizangphone.addtask
ADDED from src\main\AndroidManifest.xml:155:13-157:29
action#com.wyw.xizangphone.addtask
ADDED from src\main\AndroidManifest.xml:156:17-70
	android:name
		ADDED from src\main\AndroidManifest.xml:156:25-67
receiver#com.mingnong.xizangphone.broadcast.ApkBroadCastReceiver
ADDED from src\main\AndroidManifest.xml:160:9-173:20
	android:enabled
		ADDED from src\main\AndroidManifest.xml:162:13-35
	android:name
		ADDED from src\main\AndroidManifest.xml:161:13-59
intent-filter#android.intent.action.PACKAGE_ADDED+android.intent.action.PACKAGE_INSTALL+android.intent.action.PACKAGE_REMOVED+android.intent.action.PACKAGE_REPLACED+android.intent.action.PACKAGE_REPLACED+android.intent.action.PACKAGE_RESTARTED
ADDED from src\main\AndroidManifest.xml:163:13-172:29
action#android.intent.action.PACKAGE_ADDED
ADDED from src\main\AndroidManifest.xml:164:17-78
	android:name
		ADDED from src\main\AndroidManifest.xml:164:25-75
action#android.intent.action.PACKAGE_INSTALL
ADDED from src\main\AndroidManifest.xml:165:17-80
	android:name
		ADDED from src\main\AndroidManifest.xml:165:25-77
action#android.intent.action.PACKAGE_REPLACED
ADDED from src\main\AndroidManifest.xml:166:17-81
	android:name
		ADDED from src\main\AndroidManifest.xml:166:25-78
action#android.intent.action.PACKAGE_REMOVED
ADDED from src\main\AndroidManifest.xml:167:17-80
	android:name
		ADDED from src\main\AndroidManifest.xml:167:25-77
action#android.intent.action.PACKAGE_RESTARTED
ADDED from src\main\AndroidManifest.xml:169:17-82
	android:name
		ADDED from src\main\AndroidManifest.xml:169:25-79
dataList
ADDED from src\main\AndroidManifest.xml:171:17-54
	android:scheme
		ADDED from src\main\AndroidManifest.xml:171:27-51
meta-dataList
ADDED from src\main\AndroidManifest.xml:176:9-178:64
	android:value
		ADDED from src\main\AndroidManifest.xml:178:13-61
	android:name
		ADDED from src\main\AndroidManifest.xml:177:13-50
activity#com.mingnong.xizangphone.activity.AboutUsActivity
ADDED from src\main\AndroidManifest.xml:180:9-184:75
	android:screenOrientation
		ADDED from src\main\AndroidManifest.xml:183:13-49
	android:launchMode
		ADDED from src\main\AndroidManifest.xml:182:13-42
	android:windowSoftInputMode
		ADDED from src\main\AndroidManifest.xml:184:13-72
	android:name
		ADDED from src\main\AndroidManifest.xml:181:13-53
activity#com.mingnong.xizangphone.activity.PrintRecordActivity
ADDED from src\main\AndroidManifest.xml:185:9-189:58
	android:screenOrientation
		ADDED from src\main\AndroidManifest.xml:188:13-49
	android:launchMode
		ADDED from src\main\AndroidManifest.xml:187:13-42
	android:windowSoftInputMode
		ADDED from src\main\AndroidManifest.xml:189:13-55
	android:name
		ADDED from src\main\AndroidManifest.xml:186:13-57
activity#com.mingnong.xizangphone.activity.QueryListProductAActivity
ADDED from src\main\AndroidManifest.xml:190:9-72
	android:name
		ADDED from src\main\AndroidManifest.xml:190:19-69
activity#com.mingnong.xizangphone.activity.QueryDetilProductAActivity
ADDED from src\main\AndroidManifest.xml:191:9-73
	android:name
		ADDED from src\main\AndroidManifest.xml:191:19-70
activity#com.mingnong.xizangphone.activity.QueryListProductBActivity
ADDED from src\main\AndroidManifest.xml:192:9-72
	android:name
		ADDED from src\main\AndroidManifest.xml:192:19-69
activity#com.mingnong.xizangphone.activity.QueryDetilProductBActivity
ADDED from src\main\AndroidManifest.xml:193:9-73
	android:name
		ADDED from src\main\AndroidManifest.xml:193:19-70
meta-data#PUSH_APPID
ADDED from src\main\AndroidManifest.xml:197:9-199:54
	android:value
		ADDED from src\main\AndroidManifest.xml:199:13-51
	android:name
		ADDED from src\main\AndroidManifest.xml:198:13-38
meta-data#PUSH_APPKEY
ADDED from src\main\AndroidManifest.xml:200:9-202:54
	android:value
		ADDED from src\main\AndroidManifest.xml:202:13-51
	android:name
		ADDED from src\main\AndroidManifest.xml:201:13-39
meta-data#PUSH_APPSECRET
ADDED from src\main\AndroidManifest.xml:203:9-205:54
	android:value
		ADDED from src\main\AndroidManifest.xml:205:13-51
	android:name
		ADDED from src\main\AndroidManifest.xml:204:13-42
service#com.igexin.sdk.PushService
ADDED from src\main\AndroidManifest.xml:208:9-216:19
	android:process
		ADDED from src\main\AndroidManifest.xml:212:13-43
	android:label
		ADDED from src\main\AndroidManifest.xml:211:13-47
	android:exported
		ADDED from src\main\AndroidManifest.xml:210:13-36
	android:name
		ADDED from src\main\AndroidManifest.xml:209:13-54
intent-filter#com.igexin.sdk.action.service.message
ADDED from src\main\AndroidManifest.xml:213:13-215:29
action#com.igexin.sdk.action.service.message
ADDED from src\main\AndroidManifest.xml:214:17-80
	android:name
		ADDED from src\main\AndroidManifest.xml:214:25-77
receiver#com.igexin.sdk.PushReceiver
ADDED from src\main\AndroidManifest.xml:218:9-229:20
	android:name
		ADDED from src\main\AndroidManifest.xml:218:19-61
intent-filter#android.intent.action.ACTION_POWER_CONNECTED+android.intent.action.ACTION_POWER_DISCONNECTED+android.intent.action.BOOT_COMPLETED+android.intent.action.MEDIA_MOUNTED+android.intent.action.USER_PRESENT+android.net.conn.CONNECTIVITY_CHANGE+com.igexin.sdk.action.refreshls
ADDED from src\main\AndroidManifest.xml:219:13-228:29
action#android.intent.action.BOOT_COMPLETED
ADDED from src\main\AndroidManifest.xml:220:17-79
	android:name
		ADDED from src\main\AndroidManifest.xml:220:25-76
action#android.net.conn.CONNECTIVITY_CHANGE
ADDED from src\main\AndroidManifest.xml:221:17-79
	android:name
		ADDED from src\main\AndroidManifest.xml:221:25-76
action#android.intent.action.USER_PRESENT
ADDED from src\main\AndroidManifest.xml:222:17-77
	android:name
		ADDED from src\main\AndroidManifest.xml:222:25-74
action#com.igexin.sdk.action.refreshls
ADDED from src\main\AndroidManifest.xml:223:17-74
	android:name
		ADDED from src\main\AndroidManifest.xml:223:25-71
action#android.intent.action.MEDIA_MOUNTED
ADDED from src\main\AndroidManifest.xml:225:17-78
	android:name
		ADDED from src\main\AndroidManifest.xml:225:25-75
action#android.intent.action.ACTION_POWER_CONNECTED
ADDED from src\main\AndroidManifest.xml:226:17-87
	android:name
		ADDED from src\main\AndroidManifest.xml:226:25-84
action#android.intent.action.ACTION_POWER_DISCONNECTED
ADDED from src\main\AndroidManifest.xml:227:17-90
	android:name
		ADDED from src\main\AndroidManifest.xml:227:25-87
activity#com.igexin.sdk.PushActivity
ADDED from src\main\AndroidManifest.xml:231:9-237:75
	android:process
		ADDED from src\main\AndroidManifest.xml:235:13-43
	android:excludeFromRecents
		ADDED from src\main\AndroidManifest.xml:233:13-46
	android:exported
		ADDED from src\main\AndroidManifest.xml:234:13-37
	android:theme
		ADDED from src\main\AndroidManifest.xml:237:13-72
	android:taskAffinity
		ADDED from src\main\AndroidManifest.xml:236:13-67
	android:name
		ADDED from src\main\AndroidManifest.xml:232:13-55
service#com.igexin.download.DownloadService
ADDED from src\main\AndroidManifest.xml:239:9-241:46
	android:process
		ADDED from src\main\AndroidManifest.xml:241:13-43
	android:name
		ADDED from src\main\AndroidManifest.xml:240:13-63
receiver#com.igexin.download.DownloadReceiver
ADDED from src\main\AndroidManifest.xml:243:9-247:20
	android:name
		ADDED from src\main\AndroidManifest.xml:243:19-70
intent-filter#android.net.conn.CONNECTIVITY_CHANGE
ADDED from src\main\AndroidManifest.xml:244:13-246:29
provider#com.igexin.download.DownloadProvider
ADDED from src\main\AndroidManifest.xml:249:9-253:46
	android:authorities
		ADDED from src\main\AndroidManifest.xml:251:13-61
		INJECTED from src\main\AndroidManifest.xml
	android:process
		ADDED from src\main\AndroidManifest.xml:253:13-43
	android:exported
		ADDED from src\main\AndroidManifest.xml:252:13-36
	android:name
		ADDED from src\main\AndroidManifest.xml:250:13-64
activity#com.igexin.sdk.GActivity
ADDED from src\main\AndroidManifest.xml:255:9-261:75
	android:process
		ADDED from src\main\AndroidManifest.xml:259:13-43
	android:excludeFromRecents
		ADDED from src\main\AndroidManifest.xml:257:13-46
	android:exported
		ADDED from src\main\AndroidManifest.xml:258:13-36
	android:theme
		ADDED from src\main\AndroidManifest.xml:261:13-72
	android:taskAffinity
		ADDED from src\main\AndroidManifest.xml:260:13-67
	android:name
		ADDED from src\main\AndroidManifest.xml:256:13-52
service#com.mingnong.xizangphone.service.DemoIntentService
ADDED from src\main\AndroidManifest.xml:267:9-62
	android:name
		ADDED from src\main\AndroidManifest.xml:267:18-59
service#com.mingnong.xizangphone.service.UploadPictureService
ADDED from src\main\AndroidManifest.xml:268:9-273:19
	android:name
		ADDED from src\main\AndroidManifest.xml:268:18-62
intent-filter#com.mingnong.changshaapp.addTask+com.mingnong.changshaapp.clear_db
ADDED from src\main\AndroidManifest.xml:269:13-272:29
action#com.mingnong.changshaapp.addTask
ADDED from src\main\AndroidManifest.xml:270:17-75
	android:name
		ADDED from src\main\AndroidManifest.xml:270:25-72
action#com.mingnong.changshaapp.clear_db
ADDED from src\main\AndroidManifest.xml:271:17-76
	android:name
		ADDED from src\main\AndroidManifest.xml:271:25-73
service#com.mingnong.xizangphone.service.DemoPushService
ADDED from src\main\AndroidManifest.xml:275:9-279:46
	android:process
		ADDED from src\main\AndroidManifest.xml:279:13-43
	android:label
		ADDED from src\main\AndroidManifest.xml:278:13-40
	android:exported
		ADDED from src\main\AndroidManifest.xml:277:13-36
	android:name
		ADDED from src\main\AndroidManifest.xml:276:13-52
service#com.mingnong.xizangphone.service.OfflineUploadService
ADDED from src\main\AndroidManifest.xml:280:9-65
	android:name
		ADDED from src\main\AndroidManifest.xml:280:18-62
activity#com.mingnong.xizangphone.activity.WuHaiHuaActivity
ADDED from src\main\AndroidManifest.xml:282:9-63
	android:name
		ADDED from src\main\AndroidManifest.xml:282:19-60
activity#com.mingnong.xizangphone.activity.WuHaiHuaAddActivity
ADDED from src\main\AndroidManifest.xml:283:9-66
	android:name
		ADDED from src\main\AndroidManifest.xml:283:19-63
activity#com.mingnong.xizangphone.activity.ShowSdActivity
ADDED from src\main\AndroidManifest.xml:284:9-61
	android:name
		ADDED from src\main\AndroidManifest.xml:284:19-58
activity#com.mingnong.xizangphone.activity.ProductASearchActivity
ADDED from src\main\AndroidManifest.xml:285:9-69
	android:name
		ADDED from src\main\AndroidManifest.xml:285:19-66
activity#com.mingnong.xizangphone.activity.ProductBSearchActivity
ADDED from src\main\AndroidManifest.xml:286:9-69
	android:name
		ADDED from src\main\AndroidManifest.xml:286:19-66
activity#com.mingnong.xizangphone.activity.AnimalASearchActivity
ADDED from src\main\AndroidManifest.xml:287:9-68
	android:name
		ADDED from src\main\AndroidManifest.xml:287:19-65
activity#com.mingnong.xizangphone.activity.AnimalBSearchActivity
ADDED from src\main\AndroidManifest.xml:288:9-68
	android:name
		ADDED from src\main\AndroidManifest.xml:288:19-65
activity#com.mingnong.xizangphone.activity.QueryDetilWHHActivity
ADDED from src\main\AndroidManifest.xml:289:9-68
	android:name
		ADDED from src\main\AndroidManifest.xml:289:19-65
activity#com.mingnong.xizangphone.activity.QueryListWHHActivity
ADDED from src\main\AndroidManifest.xml:290:9-67
	android:name
		ADDED from src\main\AndroidManifest.xml:290:19-64
activity#com.mingnong.xizangphone.activity.TuZaiJianYiActivity
ADDED from src\main\AndroidManifest.xml:291:9-66
	android:name
		ADDED from src\main\AndroidManifest.xml:291:19-63
activity#com.mingnong.xizangphone.activity.ChanDiJianYiChaXunActivity
ADDED from src\main\AndroidManifest.xml:292:9-73
	android:name
		ADDED from src\main\AndroidManifest.xml:292:19-70
activity#com.mingnong.xizangphone.activity.TuZaiJianYiChaXunActivity
ADDED from src\main\AndroidManifest.xml:293:9-72
	android:name
		ADDED from src\main\AndroidManifest.xml:293:19-69
activity#com.mingnong.xizangphone.activity.ChanDiJianYIXiangQActivity
ADDED from src\main\AndroidManifest.xml:294:9-73
	android:name
		ADDED from src\main\AndroidManifest.xml:294:19-70
activity#com.mingnong.xizangphone.activity.TuZaiJianYiXingQActivity
ADDED from src\main\AndroidManifest.xml:295:9-80
	android:name
		ADDED from src\main\AndroidManifest.xml:295:19-68
activity#com.mingnong.xizangphone.activity.QueryListChangDiActivity
ADDED from src\main\AndroidManifest.xml:296:9-80
	android:name
		ADDED from src\main\AndroidManifest.xml:296:19-68
activity#com.mingnong.xizangphone.activity.QueryDetilChangDiActivity
ADDED from src\main\AndroidManifest.xml:297:9-81
	android:name
		ADDED from src\main\AndroidManifest.xml:297:19-69
uses-sdk
INJECTED from src\main\AndroidManifest.xml reason: use-sdk injection requested
MERGED from [com.android.support:multidex:1.0.1] AndroidManifest.xml:18:5-42
MERGED from [com.android.support:design:24.2.1] AndroidManifest.xml:20:5-43
MERGED from [com.android.support:cardview-v7:24.2.1] AndroidManifest.xml:20:5-43
MERGED from [com.android.support:recyclerview-v7:24.2.1] AndroidManifest.xml:20:5-43
MERGED from [com.google.android.gms:play-services-maps:9.8.0] AndroidManifest.xml:23:5-42
MERGED from [com.google.android.gms:play-services-base:9.8.0] AndroidManifest.xml:17:5-42
MERGED from [com.google.android.gms:play-services-tasks:9.8.0] AndroidManifest.xml:3:5-42
MERGED from [com.google.android.gms:play-services-basement:9.8.0] AndroidManifest.xml:17:5-42
MERGED from [com.jakewharton:butterknife:8.1.0] AndroidManifest.xml:5:5-43
MERGED from [com.jakewharton.rxbinding:rxbinding:0.4.0] AndroidManifest.xml:6:5-44
MERGED from [io.reactivex:rxandroid:1.2.1] AndroidManifest.xml:19:5-43
MERGED from [com.facebook.stetho:stetho-okhttp3:1.4.1] AndroidManifest.xml:7:5-9:41
MERGED from [com.facebook.stetho:stetho:1.4.1] AndroidManifest.xml:7:5-9:41
MERGED from [com.dodola:rocoo:1.1] AndroidManifest.xml:8:5-10:41
MERGED from [com.zhy:mpermission-api:1.0.0] AndroidManifest.xml:7:5-9:41
MERGED from [com.android.support:appcompat-v7:24.2.1] AndroidManifest.xml:21:5-23:78
MERGED from [com.android.support:support-v4:24.2.1] AndroidManifest.xml:21:5-23:54
MERGED from [com.android.support:support-fragment:24.2.1] AndroidManifest.xml:21:5-23:60